<?xml version="1.0" encoding="UTF-8"?>
<testng-results ignored="0" total="1" passed="1" failed="0" skipped="0">
  <reporter-output>
  </reporter-output>
  <suite started-at="2020-12-30T22:59:14 PKT" name="Default suite" finished-at="2020-12-30T22:59:16 PKT" duration-ms="1944">
    <groups>
    </groups>
    <test started-at="2020-12-30T22:59:14 PKT" name="Default test" finished-at="2020-12-30T22:59:16 PKT" duration-ms="1944">
      <class name="jSonServerTests.Test_POST">
        <test-method signature="test_01_post()[pri:0, instance:jSonServerTests.Test_POST@62e7f11d]" started-at="2020-12-30T22:59:15 PKT" name="test_01_post" finished-at="2020-12-30T22:59:16 PKT" duration-ms="1910" status="PASS">
          <reporter-output>
          </reporter-output>
        </test-method> <!-- test_01_post -->
      </class> <!-- jSonServerTests.Test_POST -->
    </test> <!-- Default test -->
  </suite> <!-- Default suite -->
</testng-results>
